[warn] paradise_2.12.10-2.1.0-sources.jar no longer exists at /home/abdulhameed.akram/.cache/coursier/v1/https/repo1.maven.org/maven2/org/scalamacros/paradise_2.12.10/2.1.0/paradise_2.12.10-2.1.0-sources.jar
[debug] "not up to date. inChanged = false, force = false
[debug] Updating ProjectRef(uri("file:/home/users/abdulhameed.akram/Videos/Swerv_new_release_decode/Quasar/"), "quasar")...
[error] lmcoursier.internal.shaded.coursier.error.FetchError$DownloadingArtifacts: Error fetching artifacts:
[error] https://repo1.maven.org/maven2/edu/berkeley/cs/chisel3-core_2.12/3.3.1/chisel3-core_2.12-3.3.1-sources.jar: download error: Caught java.nio.file.NoSuchFileException: /home/users/abdulhameed.akram/.cache/coursier/v1/https/repo1.maven.org/maven2/edu/berkeley/cs/chisel3-core_2.12/3.3.1/.chisel3-core_2.12-3.3.1-sources.jar.part -> /home/users/abdulhameed.akram/.cache/coursier/v1/https/repo1.maven.org/maven2/edu/berkeley/cs/chisel3-core_2.12/3.3.1/chisel3-core_2.12-3.3.1-sources.jar (/home/users/abdulhameed.akram/.cache/coursier/v1/https/repo1.maven.org/maven2/edu/berkeley/cs/chisel3-core_2.12/3.3.1/.chisel3-core_2.12-3.3.1-sources.jar.part -> /home/users/abdulhameed.akram/.cache/coursier/v1/https/repo1.maven.org/maven2/edu/berkeley/cs/chisel3-core_2.12/3.3.1/chisel3-core_2.12-3.3.1-sources.jar) while downloading https://repo1.maven.org/maven2/edu/berkeley/cs/chisel3-core_2.12/3.3.1/chisel3-core_2.12-3.3.1-sources.jar
[error] https://repo1.maven.org/maven2/org/scala-lang/scala-reflect/2.12.10/scala-reflect-2.12.10-javadoc.jar: download error: Caught java.nio.file.NoSuchFileException: /home/users/abdulhameed.akram/.cache/coursier/v1/https/repo1.maven.org/maven2/org/scala-lang/scala-reflect/2.12.10/.scala-reflect-2.12.10-javadoc.jar.part -> /home/users/abdulhameed.akram/.cache/coursier/v1/https/repo1.maven.org/maven2/org/scala-lang/scala-reflect/2.12.10/scala-reflect-2.12.10-javadoc.jar (/home/users/abdulhameed.akram/.cache/coursier/v1/https/repo1.maven.org/maven2/org/scala-lang/scala-reflect/2.12.10/.scala-reflect-2.12.10-javadoc.jar.part -> /home/users/abdulhameed.akram/.cache/coursier/v1/https/repo1.maven.org/maven2/org/scala-lang/scala-reflect/2.12.10/scala-reflect-2.12.10-javadoc.jar) while downloading https://repo1.maven.org/maven2/org/scala-lang/scala-reflect/2.12.10/scala-reflect-2.12.10-javadoc.jar
[error] https://repo1.maven.org/maven2/org/scala-lang/modules/scala-jline/2.12.1/scala-jline-2.12.1-javadoc.jar: wrong checksum: /home/users/abdulhameed.akram/.cache/coursier/v1/https/repo1.maven.org/maven2/org/scala-lang/modules/scala-jline/2.12.1/scala-jline-2.12.1-javadoc.jar (expected SHA-1 fb97debf475285f9b32f0b79fbf9d7319fc7966d in /home/users/abdulhameed.akram/.cache/coursier/v1/https/repo1.maven.org/maven2/org/scala-lang/modules/scala-jline/2.12.1/.scala-jline-2.12.1-javadoc.jar__sha1, got 80df95a1929ff002cc9e572015d4a50074e03d89)
[error] https://repo1.maven.org/maven2/org/scala-lang/scala-compiler/2.12.10/scala-compiler-2.12.10-javadoc.jar: download error: Caught java.nio.file.NoSuchFileException: /home/users/abdulhameed.akram/.cache/coursier/v1/https/repo1.maven.org/maven2/org/scala-lang/scala-compiler/2.12.10/.scala-compiler-2.12.10-javadoc.jar.part -> /home/users/abdulhameed.akram/.cache/coursier/v1/https/repo1.maven.org/maven2/org/scala-lang/scala-compiler/2.12.10/scala-compiler-2.12.10-javadoc.jar (/home/users/abdulhameed.akram/.cache/coursier/v1/https/repo1.maven.org/maven2/org/scala-lang/scala-compiler/2.12.10/.scala-compiler-2.12.10-javadoc.jar.part -> /home/users/abdulhameed.akram/.cache/coursier/v1/https/repo1.maven.org/maven2/org/scala-lang/scala-compiler/2.12.10/scala-compiler-2.12.10-javadoc.jar) while downloading https://repo1.maven.org/maven2/org/scala-lang/scala-compiler/2.12.10/scala-compiler-2.12.10-javadoc.jar
[error] https://repo1.maven.org/maven2/edu/berkeley/cs/firrtl-interpreter_2.12/1.3.1/firrtl-interpreter_2.12-1.3.1-javadoc.jar: download error: Caught java.nio.file.NoSuchFileException: /home/users/abdulhameed.akram/.cache/coursier/v1/https/repo1.maven.org/maven2/edu/berkeley/cs/firrtl-interpreter_2.12/1.3.1/.firrtl-interpreter_2.12-1.3.1-javadoc.jar.part -> /home/users/abdulhameed.akram/.cache/coursier/v1/https/repo1.maven.org/maven2/edu/berkeley/cs/firrtl-interpreter_2.12/1.3.1/firrtl-interpreter_2.12-1.3.1-javadoc.jar (/home/users/abdulhameed.akram/.cache/coursier/v1/https/repo1.maven.org/maven2/edu/berkeley/cs/firrtl-interpreter_2.12/1.3.1/.firrtl-interpreter_2.12-1.3.1-javadoc.jar.part -> /home/users/abdulhameed.akram/.cache/coursier/v1/https/repo1.maven.org/maven2/edu/berkeley/cs/firrtl-interpreter_2.12/1.3.1/firrtl-interpreter_2.12-1.3.1-javadoc.jar) while downloading https://repo1.maven.org/maven2/edu/berkeley/cs/firrtl-interpreter_2.12/1.3.1/firrtl-interpreter_2.12-1.3.1-javadoc.jar
[error] https://repo1.maven.org/maven2/org/antlr/antlr4-runtime/4.7.1/antlr4-runtime-4.7.1-javadoc.jar: download error: Caught java.nio.file.NoSuchFileException: /home/users/abdulhameed.akram/.cache/coursier/v1/https/repo1.maven.org/maven2/org/antlr/antlr4-runtime/4.7.1/.antlr4-runtime-4.7.1-javadoc.jar.part -> /home/users/abdulhameed.akram/.cache/coursier/v1/https/repo1.maven.org/maven2/org/antlr/antlr4-runtime/4.7.1/antlr4-runtime-4.7.1-javadoc.jar (/home/users/abdulhameed.akram/.cache/coursier/v1/https/repo1.maven.org/maven2/org/antlr/antlr4-runtime/4.7.1/.antlr4-runtime-4.7.1-javadoc.jar.part -> /home/users/abdulhameed.akram/.cache/coursier/v1/https/repo1.maven.org/maven2/org/antlr/antlr4-runtime/4.7.1/antlr4-runtime-4.7.1-javadoc.jar) while downloading https://repo1.maven.org/maven2/org/antlr/antlr4-runtime/4.7.1/antlr4-runtime-4.7.1-javadoc.jar
[error] https://repo1.maven.org/maven2/org/scalamacros/paradise_2.12.10/2.1.0/paradise_2.12.10-2.1.0-javadoc.jar: download error: Caught java.nio.file.NoSuchFileException: /home/users/abdulhameed.akram/.cache/coursier/v1/https/repo1.maven.org/maven2/org/scalamacros/paradise_2.12.10/2.1.0/.paradise_2.12.10-2.1.0-javadoc.jar.part -> /home/users/abdulhameed.akram/.cache/coursier/v1/https/repo1.maven.org/maven2/org/scalamacros/paradise_2.12.10/2.1.0/paradise_2.12.10-2.1.0-javadoc.jar (/home/users/abdulhameed.akram/.cache/coursier/v1/https/repo1.maven.org/maven2/org/scalamacros/paradise_2.12.10/2.1.0/.paradise_2.12.10-2.1.0-javadoc.jar.part -> /home/users/abdulhameed.akram/.cache/coursier/v1/https/repo1.maven.org/maven2/org/scalamacros/paradise_2.12.10/2.1.0/paradise_2.12.10-2.1.0-javadoc.jar) while downloading https://repo1.maven.org/maven2/org/scalamacros/paradise_2.12.10/2.1.0/paradise_2.12.10-2.1.0-javadoc.jar
[error] https://repo1.maven.org/maven2/org/scalatest/scalatest_2.12/3.0.8/scalatest_2.12-3.0.8-javadoc.jar: wrong checksum: /home/users/abdulhameed.akram/.cache/coursier/v1/https/repo1.maven.org/maven2/org/scalatest/scalatest_2.12/3.0.8/scalatest_2.12-3.0.8-javadoc.jar (expected SHA-1 d4ea1291854c9df34a274083c16cf70d01b439d9 in /home/users/abdulhameed.akram/.cache/coursier/v1/https/repo1.maven.org/maven2/org/scalatest/scalatest_2.12/3.0.8/.scalatest_2.12-3.0.8-javadoc.jar__sha1, got 56dcb48f17e82fd01dd0ccbf29663aeebd6b9c39)
[error] https://repo1.maven.org/maven2/com/github/scopt/scopt_2.12/3.7.1/scopt_2.12-3.7.1-javadoc.jar: download error: Caught java.nio.file.NoSuchFileException: /home/users/abdulhameed.akram/.cache/coursier/v1/https/repo1.maven.org/maven2/com/github/scopt/scopt_2.12/3.7.1/.scopt_2.12-3.7.1-javadoc.jar.part -> /home/users/abdulhameed.akram/.cache/coursier/v1/https/repo1.maven.org/maven2/com/github/scopt/scopt_2.12/3.7.1/scopt_2.12-3.7.1-javadoc.jar (/home/users/abdulhameed.akram/.cache/coursier/v1/https/repo1.maven.org/maven2/com/github/scopt/scopt_2.12/3.7.1/.scopt_2.12-3.7.1-javadoc.jar.part -> /home/users/abdulhameed.akram/.cache/coursier/v1/https/repo1.maven.org/maven2/com/github/scopt/scopt_2.12/3.7.1/scopt_2.12-3.7.1-javadoc.jar) while downloading https://repo1.maven.org/maven2/com/github/scopt/scopt_2.12/3.7.1/scopt_2.12-3.7.1-javadoc.jar
[error] https://repo1.maven.org/maven2/org/json4s/json4s-ast_2.12/3.6.8/json4s-ast_2.12-3.6.8-javadoc.jar: download error: Caught java.nio.file.NoSuchFileException: /home/users/abdulhameed.akram/.cache/coursier/v1/https/repo1.maven.org/maven2/org/json4s/json4s-ast_2.12/3.6.8/.json4s-ast_2.12-3.6.8-javadoc.jar.part -> /home/users/abdulhameed.akram/.cache/coursier/v1/https/repo1.maven.org/maven2/org/json4s/json4s-ast_2.12/3.6.8/json4s-ast_2.12-3.6.8-javadoc.jar (/home/users/abdulhameed.akram/.cache/coursier/v1/https/repo1.maven.org/maven2/org/json4s/json4s-ast_2.12/3.6.8/.json4s-ast_2.12-3.6.8-javadoc.jar.part -> /home/users/abdulhameed.akram/.cache/coursier/v1/https/repo1.maven.org/maven2/org/json4s/json4s-ast_2.12/3.6.8/json4s-ast_2.12-3.6.8-javadoc.jar) while downloading https://repo1.maven.org/maven2/org/json4s/json4s-ast_2.12/3.6.8/json4s-ast_2.12-3.6.8-javadoc.jar
[error] https://repo1.maven.org/maven2/org/scala-lang/scala-library/2.12.10/scala-library-2.12.10-javadoc.jar: download error: Caught java.nio.file.NoSuchFileException: /home/users/abdulhameed.akram/.cache/coursier/v1/https/repo1.maven.org/maven2/org/scala-lang/scala-library/2.12.10/.scala-library-2.12.10-javadoc.jar.part -> /home/users/abdulhameed.akram/.cache/coursier/v1/https/repo1.maven.org/maven2/org/scala-lang/scala-library/2.12.10/scala-library-2.12.10-javadoc.jar (/home/users/abdulhameed.akram/.cache/coursier/v1/https/repo1.maven.org/maven2/org/scala-lang/scala-library/2.12.10/.scala-library-2.12.10-javadoc.jar.part -> /home/users/abdulhameed.akram/.cache/coursier/v1/https/repo1.maven.org/maven2/org/scala-lang/scala-library/2.12.10/scala-library-2.12.10-javadoc.jar) while downloading https://repo1.maven.org/maven2/org/scala-lang/scala-library/2.12.10/scala-library-2.12.10-javadoc.jar
[error] https://repo1.maven.org/maven2/edu/berkeley/cs/firrtl_2.12/1.3.1/firrtl_2.12-1.3.1-javadoc.jar: download error: Caught java.nio.file.NoSuchFileException: /home/users/abdulhameed.akram/.cache/coursier/v1/https/repo1.maven.org/maven2/edu/berkeley/cs/firrtl_2.12/1.3.1/.firrtl_2.12-1.3.1-javadoc.jar.part -> /home/users/abdulhameed.akram/.cache/coursier/v1/https/repo1.maven.org/maven2/edu/berkeley/cs/firrtl_2.12/1.3.1/firrtl_2.12-1.3.1-javadoc.jar (/home/users/abdulhameed.akram/.cache/coursier/v1/https/repo1.maven.org/maven2/edu/berkeley/cs/firrtl_2.12/1.3.1/.firrtl_2.12-1.3.1-javadoc.jar.part -> /home/users/abdulhameed.akram/.cache/coursier/v1/https/repo1.maven.org/maven2/edu/berkeley/cs/firrtl_2.12/1.3.1/firrtl_2.12-1.3.1-javadoc.jar) while downloading https://repo1.maven.org/maven2/edu/berkeley/cs/firrtl_2.12/1.3.1/firrtl_2.12-1.3.1-javadoc.jar
[error] 
[error] 	at lmcoursier.internal.shaded.coursier.Artifacts$.$anonfun$fetchArtifacts$14(Artifacts.scala:302)
[error] 	at lmcoursier.internal.shaded.coursier.util.Task$.$anonfun$flatMap$2(Task.scala:14)
[error] 	at scala.concurrent.Future.$anonfun$flatMap$1(Future.scala:307)
[error] 	at scala.concurrent.impl.Promise.$anonfun$transformWith$1(Promise.scala:41)
[error] 	at scala.concurrent.impl.CallbackRunnable.run(Promise.scala:64)
[error] 	at java.base/java.util.concurrent.ThreadPoolExecutor.runWorker(ThreadPoolExecutor.java:1128)
[error] 	at java.base/java.util.concurrent.ThreadPoolExecutor$Worker.run(ThreadPoolExecutor.java:628)
[error] 	at java.base/java.lang.Thread.run(Thread.java:834)
[error] Caused by: lmcoursier.internal.shaded.coursier.cache.ArtifactError$DownloadError: download error: Caught java.nio.file.NoSuchFileException: /home/users/abdulhameed.akram/.cache/coursier/v1/https/repo1.maven.org/maven2/edu/berkeley/cs/chisel3-core_2.12/3.3.1/.chisel3-core_2.12-3.3.1-sources.jar.part -> /home/users/abdulhameed.akram/.cache/coursier/v1/https/repo1.maven.org/maven2/edu/berkeley/cs/chisel3-core_2.12/3.3.1/chisel3-core_2.12-3.3.1-sources.jar (/home/users/abdulhameed.akram/.cache/coursier/v1/https/repo1.maven.org/maven2/edu/berkeley/cs/chisel3-core_2.12/3.3.1/.chisel3-core_2.12-3.3.1-sources.jar.part -> /home/users/abdulhameed.akram/.cache/coursier/v1/https/repo1.maven.org/maven2/edu/berkeley/cs/chisel3-core_2.12/3.3.1/chisel3-core_2.12-3.3.1-sources.jar) while downloading https://repo1.maven.org/maven2/edu/berkeley/cs/chisel3-core_2.12/3.3.1/chisel3-core_2.12-3.3.1-sources.jar
[error] 	at lmcoursier.internal.shaded.coursier.cache.FileCache$.helper$2(FileCache.scala:1018)
[error] 	at lmcoursier.internal.shaded.coursier.cache.FileCache$.coursier$cache$FileCache$$downloading(FileCache.scala:1032)
[error] 	at lmcoursier.internal.shaded.coursier.cache.FileCache.doDownload$1(FileCache.scala:320)
[error] 	at lmcoursier.internal.shaded.coursier.cache.FileCache.$anonfun$download$54(FileCache.scala:507)
[error] 	at lmcoursier.internal.shaded.coursier.cache.CacheLocks$.loop$1(CacheLocks.scala:59)
[error] 	at lmcoursier.internal.shaded.coursier.cache.CacheLocks$.withLockOr(CacheLocks.scala:84)
[error] 	at lmcoursier.internal.shaded.coursier.cache.FileCache.$anonfun$download$32(FileCache.scala:508)
[error] 	at scala.concurrent.Future$.$anonfun$apply$1(Future.scala:659)
[error] 	at scala.util.Success.$anonfun$map$1(Try.scala:255)
[error] 	at scala.util.Success.map(Try.scala:213)
[error] 	at scala.concurrent.Future.$anonfun$map$1(Future.scala:292)
[error] 	at scala.concurrent.impl.Promise.liftedTree1$1(Promise.scala:33)
[error] 	at scala.concurrent.impl.Promise.$anonfun$transform$1(Promise.scala:33)
[error] 	at scala.concurrent.impl.CallbackRunnable.run(Promise.scala:64)
[error] 	at java.base/java.util.concurrent.ThreadPoolExecutor.runWorker(ThreadPoolExecutor.java:1128)
[error] 	at java.base/java.util.concurrent.ThreadPoolExecutor$Worker.run(ThreadPoolExecutor.java:628)
[error] 	at java.base/java.lang.Thread.run(Thread.java:834)
[error] Caused by: java.nio.file.NoSuchFileException: /home/users/abdulhameed.akram/.cache/coursier/v1/https/repo1.maven.org/maven2/edu/berkeley/cs/chisel3-core_2.12/3.3.1/.chisel3-core_2.12-3.3.1-sources.jar.part -> /home/users/abdulhameed.akram/.cache/coursier/v1/https/repo1.maven.org/maven2/edu/berkeley/cs/chisel3-core_2.12/3.3.1/chisel3-core_2.12-3.3.1-sources.jar
[error] 	at java.base/sun.nio.fs.UnixException.translateToIOException(UnixException.java:92)
[error] 	at java.base/sun.nio.fs.UnixException.rethrowAsIOException(UnixException.java:111)
[error] 	at java.base/sun.nio.fs.UnixCopyFile.move(UnixCopyFile.java:417)
[error] 	at java.base/sun.nio.fs.UnixFileSystemProvider.move(UnixFileSystemProvider.java:267)
[error] 	at java.base/java.nio.file.Files.move(Files.java:1421)
[error] 	at lmcoursier.internal.shaded.coursier.cache.FileCache.$anonfun$download$46(FileCache.scala:412)
[error] 	at lmcoursier.internal.shaded.coursier.cache.CacheLocks$$anon$1.call(CacheLocks.scala:22)
[error] 	at lmcoursier.internal.shaded.coursier.paths.CachePath.withStructureLock(CachePath.java:139)
[error] 	at lmcoursier.internal.shaded.coursier.cache.CacheLocks$.withStructureLock(CacheLocks.scala:22)
[error] 	at lmcoursier.internal.shaded.coursier.cache.FileCache.$anonfun$download$33(FileCache.scala:410)
[error] 	at lmcoursier.internal.shaded.coursier.cache.FileCache$.$anonfun$downloading$1(FileCache.scala:998)
[error] 	at lmcoursier.internal.shaded.coursier.cache.CacheLocks$.withUrlLock(CacheLocks.scala:102)
[error] 	at lmcoursier.internal.shaded.coursier.cache.FileCache$.helper$2(FileCache.scala:998)
[error] 	at lmcoursier.internal.shaded.coursier.cache.FileCache$.coursier$cache$FileCache$$downloading(FileCache.scala:1032)
[error] 	at lmcoursier.internal.shaded.coursier.cache.FileCache.doDownload$1(FileCache.scala:320)
[error] 	at lmcoursier.internal.shaded.coursier.cache.FileCache.$anonfun$download$54(FileCache.scala:507)
[error] 	at lmcoursier.internal.shaded.coursier.cache.CacheLocks$.loop$1(CacheLocks.scala:59)
[error] 	at lmcoursier.internal.shaded.coursier.cache.CacheLocks$.withLockOr(CacheLocks.scala:84)
[error] 	at lmcoursier.internal.shaded.coursier.cache.FileCache.$anonfun$download$32(FileCache.scala:508)
[error] 	at scala.concurrent.Future$.$anonfun$apply$1(Future.scala:659)
[error] 	at scala.util.Success.$anonfun$map$1(Try.scala:255)
[error] 	at scala.util.Success.map(Try.scala:213)
[error] 	at scala.concurrent.Future.$anonfun$map$1(Future.scala:292)
[error] 	at scala.concurrent.impl.Promise.liftedTree1$1(Promise.scala:33)
[error] 	at scala.concurrent.impl.Promise.$anonfun$transform$1(Promise.scala:33)
[error] 	at scala.concurrent.impl.CallbackRunnable.run(Promise.scala:64)
[error] 	at java.base/java.util.concurrent.ThreadPoolExecutor.runWorker(ThreadPoolExecutor.java:1128)
[error] 	at java.base/java.util.concurrent.ThreadPoolExecutor$Worker.run(ThreadPoolExecutor.java:628)
[error] 	at java.base/java.lang.Thread.run(Thread.java:834)
[error] (updateClassifiers) lmcoursier.internal.shaded.coursier.error.FetchError$DownloadingArtifacts: Error fetching artifacts:
[error] https://repo1.maven.org/maven2/edu/berkeley/cs/chisel3-core_2.12/3.3.1/chisel3-core_2.12-3.3.1-sources.jar: download error: Caught java.nio.file.NoSuchFileException: /home/users/abdulhameed.akram/.cache/coursier/v1/https/repo1.maven.org/maven2/edu/berkeley/cs/chisel3-core_2.12/3.3.1/.chisel3-core_2.12-3.3.1-sources.jar.part -> /home/users/abdulhameed.akram/.cache/coursier/v1/https/repo1.maven.org/maven2/edu/berkeley/cs/chisel3-core_2.12/3.3.1/chisel3-core_2.12-3.3.1-sources.jar (/home/users/abdulhameed.akram/.cache/coursier/v1/https/repo1.maven.org/maven2/edu/berkeley/cs/chisel3-core_2.12/3.3.1/.chisel3-core_2.12-3.3.1-sources.jar.part -> /home/users/abdulhameed.akram/.cache/coursier/v1/https/repo1.maven.org/maven2/edu/berkeley/cs/chisel3-core_2.12/3.3.1/chisel3-core_2.12-3.3.1-sources.jar) while downloading https://repo1.maven.org/maven2/edu/berkeley/cs/chisel3-core_2.12/3.3.1/chisel3-core_2.12-3.3.1-sources.jar
[error] https://repo1.maven.org/maven2/org/scala-lang/scala-reflect/2.12.10/scala-reflect-2.12.10-javadoc.jar: download error: Caught java.nio.file.NoSuchFileException: /home/users/abdulhameed.akram/.cache/coursier/v1/https/repo1.maven.org/maven2/org/scala-lang/scala-reflect/2.12.10/.scala-reflect-2.12.10-javadoc.jar.part -> /home/users/abdulhameed.akram/.cache/coursier/v1/https/repo1.maven.org/maven2/org/scala-lang/scala-reflect/2.12.10/scala-reflect-2.12.10-javadoc.jar (/home/users/abdulhameed.akram/.cache/coursier/v1/https/repo1.maven.org/maven2/org/scala-lang/scala-reflect/2.12.10/.scala-reflect-2.12.10-javadoc.jar.part -> /home/users/abdulhameed.akram/.cache/coursier/v1/https/repo1.maven.org/maven2/org/scala-lang/scala-reflect/2.12.10/scala-reflect-2.12.10-javadoc.jar) while downloading https://repo1.maven.org/maven2/org/scala-lang/scala-reflect/2.12.10/scala-reflect-2.12.10-javadoc.jar
[error] https://repo1.maven.org/maven2/org/scala-lang/modules/scala-jline/2.12.1/scala-jline-2.12.1-javadoc.jar: wrong checksum: /home/users/abdulhameed.akram/.cache/coursier/v1/https/repo1.maven.org/maven2/org/scala-lang/modules/scala-jline/2.12.1/scala-jline-2.12.1-javadoc.jar (expected SHA-1 fb97debf475285f9b32f0b79fbf9d7319fc7966d in /home/users/abdulhameed.akram/.cache/coursier/v1/https/repo1.maven.org/maven2/org/scala-lang/modules/scala-jline/2.12.1/.scala-jline-2.12.1-javadoc.jar__sha1, got 80df95a1929ff002cc9e572015d4a50074e03d89)
[error] https://repo1.maven.org/maven2/org/scala-lang/scala-compiler/2.12.10/scala-compiler-2.12.10-javadoc.jar: download error: Caught java.nio.file.NoSuchFileException: /home/users/abdulhameed.akram/.cache/coursier/v1/https/repo1.maven.org/maven2/org/scala-lang/scala-compiler/2.12.10/.scala-compiler-2.12.10-javadoc.jar.part -> /home/users/abdulhameed.akram/.cache/coursier/v1/https/repo1.maven.org/maven2/org/scala-lang/scala-compiler/2.12.10/scala-compiler-2.12.10-javadoc.jar (/home/users/abdulhameed.akram/.cache/coursier/v1/https/repo1.maven.org/maven2/org/scala-lang/scala-compiler/2.12.10/.scala-compiler-2.12.10-javadoc.jar.part -> /home/users/abdulhameed.akram/.cache/coursier/v1/https/repo1.maven.org/maven2/org/scala-lang/scala-compiler/2.12.10/scala-compiler-2.12.10-javadoc.jar) while downloading https://repo1.maven.org/maven2/org/scala-lang/scala-compiler/2.12.10/scala-compiler-2.12.10-javadoc.jar
[error] https://repo1.maven.org/maven2/edu/berkeley/cs/firrtl-interpreter_2.12/1.3.1/firrtl-interpreter_2.12-1.3.1-javadoc.jar: download error: Caught java.nio.file.NoSuchFileException: /home/users/abdulhameed.akram/.cache/coursier/v1/https/repo1.maven.org/maven2/edu/berkeley/cs/firrtl-interpreter_2.12/1.3.1/.firrtl-interpreter_2.12-1.3.1-javadoc.jar.part -> /home/users/abdulhameed.akram/.cache/coursier/v1/https/repo1.maven.org/maven2/edu/berkeley/cs/firrtl-interpreter_2.12/1.3.1/firrtl-interpreter_2.12-1.3.1-javadoc.jar (/home/users/abdulhameed.akram/.cache/coursier/v1/https/repo1.maven.org/maven2/edu/berkeley/cs/firrtl-interpreter_2.12/1.3.1/.firrtl-interpreter_2.12-1.3.1-javadoc.jar.part -> /home/users/abdulhameed.akram/.cache/coursier/v1/https/repo1.maven.org/maven2/edu/berkeley/cs/firrtl-interpreter_2.12/1.3.1/firrtl-interpreter_2.12-1.3.1-javadoc.jar) while downloading https://repo1.maven.org/maven2/edu/berkeley/cs/firrtl-interpreter_2.12/1.3.1/firrtl-interpreter_2.12-1.3.1-javadoc.jar
[error] https://repo1.maven.org/maven2/org/antlr/antlr4-runtime/4.7.1/antlr4-runtime-4.7.1-javadoc.jar: download error: Caught java.nio.file.NoSuchFileException: /home/users/abdulhameed.akram/.cache/coursier/v1/https/repo1.maven.org/maven2/org/antlr/antlr4-runtime/4.7.1/.antlr4-runtime-4.7.1-javadoc.jar.part -> /home/users/abdulhameed.akram/.cache/coursier/v1/https/repo1.maven.org/maven2/org/antlr/antlr4-runtime/4.7.1/antlr4-runtime-4.7.1-javadoc.jar (/home/users/abdulhameed.akram/.cache/coursier/v1/https/repo1.maven.org/maven2/org/antlr/antlr4-runtime/4.7.1/.antlr4-runtime-4.7.1-javadoc.jar.part -> /home/users/abdulhameed.akram/.cache/coursier/v1/https/repo1.maven.org/maven2/org/antlr/antlr4-runtime/4.7.1/antlr4-runtime-4.7.1-javadoc.jar) while downloading https://repo1.maven.org/maven2/org/antlr/antlr4-runtime/4.7.1/antlr4-runtime-4.7.1-javadoc.jar
[error] https://repo1.maven.org/maven2/org/scalamacros/paradise_2.12.10/2.1.0/paradise_2.12.10-2.1.0-javadoc.jar: download error: Caught java.nio.file.NoSuchFileException: /home/users/abdulhameed.akram/.cache/coursier/v1/https/repo1.maven.org/maven2/org/scalamacros/paradise_2.12.10/2.1.0/.paradise_2.12.10-2.1.0-javadoc.jar.part -> /home/users/abdulhameed.akram/.cache/coursier/v1/https/repo1.maven.org/maven2/org/scalamacros/paradise_2.12.10/2.1.0/paradise_2.12.10-2.1.0-javadoc.jar (/home/users/abdulhameed.akram/.cache/coursier/v1/https/repo1.maven.org/maven2/org/scalamacros/paradise_2.12.10/2.1.0/.paradise_2.12.10-2.1.0-javadoc.jar.part -> /home/users/abdulhameed.akram/.cache/coursier/v1/https/repo1.maven.org/maven2/org/scalamacros/paradise_2.12.10/2.1.0/paradise_2.12.10-2.1.0-javadoc.jar) while downloading https://repo1.maven.org/maven2/org/scalamacros/paradise_2.12.10/2.1.0/paradise_2.12.10-2.1.0-javadoc.jar
[error] https://repo1.maven.org/maven2/org/scalatest/scalatest_2.12/3.0.8/scalatest_2.12-3.0.8-javadoc.jar: wrong checksum: /home/users/abdulhameed.akram/.cache/coursier/v1/https/repo1.maven.org/maven2/org/scalatest/scalatest_2.12/3.0.8/scalatest_2.12-3.0.8-javadoc.jar (expected SHA-1 d4ea1291854c9df34a274083c16cf70d01b439d9 in /home/users/abdulhameed.akram/.cache/coursier/v1/https/repo1.maven.org/maven2/org/scalatest/scalatest_2.12/3.0.8/.scalatest_2.12-3.0.8-javadoc.jar__sha1, got 56dcb48f17e82fd01dd0ccbf29663aeebd6b9c39)
[error] https://repo1.maven.org/maven2/com/github/scopt/scopt_2.12/3.7.1/scopt_2.12-3.7.1-javadoc.jar: download error: Caught java.nio.file.NoSuchFileException: /home/users/abdulhameed.akram/.cache/coursier/v1/https/repo1.maven.org/maven2/com/github/scopt/scopt_2.12/3.7.1/.scopt_2.12-3.7.1-javadoc.jar.part -> /home/users/abdulhameed.akram/.cache/coursier/v1/https/repo1.maven.org/maven2/com/github/scopt/scopt_2.12/3.7.1/scopt_2.12-3.7.1-javadoc.jar (/home/users/abdulhameed.akram/.cache/coursier/v1/https/repo1.maven.org/maven2/com/github/scopt/scopt_2.12/3.7.1/.scopt_2.12-3.7.1-javadoc.jar.part -> /home/users/abdulhameed.akram/.cache/coursier/v1/https/repo1.maven.org/maven2/com/github/scopt/scopt_2.12/3.7.1/scopt_2.12-3.7.1-javadoc.jar) while downloading https://repo1.maven.org/maven2/com/github/scopt/scopt_2.12/3.7.1/scopt_2.12-3.7.1-javadoc.jar
[error] https://repo1.maven.org/maven2/org/json4s/json4s-ast_2.12/3.6.8/json4s-ast_2.12-3.6.8-javadoc.jar: download error: Caught java.nio.file.NoSuchFileException: /home/users/abdulhameed.akram/.cache/coursier/v1/https/repo1.maven.org/maven2/org/json4s/json4s-ast_2.12/3.6.8/.json4s-ast_2.12-3.6.8-javadoc.jar.part -> /home/users/abdulhameed.akram/.cache/coursier/v1/https/repo1.maven.org/maven2/org/json4s/json4s-ast_2.12/3.6.8/json4s-ast_2.12-3.6.8-javadoc.jar (/home/users/abdulhameed.akram/.cache/coursier/v1/https/repo1.maven.org/maven2/org/json4s/json4s-ast_2.12/3.6.8/.json4s-ast_2.12-3.6.8-javadoc.jar.part -> /home/users/abdulhameed.akram/.cache/coursier/v1/https/repo1.maven.org/maven2/org/json4s/json4s-ast_2.12/3.6.8/json4s-ast_2.12-3.6.8-javadoc.jar) while downloading https://repo1.maven.org/maven2/org/json4s/json4s-ast_2.12/3.6.8/json4s-ast_2.12-3.6.8-javadoc.jar
[error] https://repo1.maven.org/maven2/org/scala-lang/scala-library/2.12.10/scala-library-2.12.10-javadoc.jar: download error: Caught java.nio.file.NoSuchFileException: /home/users/abdulhameed.akram/.cache/coursier/v1/https/repo1.maven.org/maven2/org/scala-lang/scala-library/2.12.10/.scala-library-2.12.10-javadoc.jar.part -> /home/users/abdulhameed.akram/.cache/coursier/v1/https/repo1.maven.org/maven2/org/scala-lang/scala-library/2.12.10/scala-library-2.12.10-javadoc.jar (/home/users/abdulhameed.akram/.cache/coursier/v1/https/repo1.maven.org/maven2/org/scala-lang/scala-library/2.12.10/.scala-library-2.12.10-javadoc.jar.part -> /home/users/abdulhameed.akram/.cache/coursier/v1/https/repo1.maven.org/maven2/org/scala-lang/scala-library/2.12.10/scala-library-2.12.10-javadoc.jar) while downloading https://repo1.maven.org/maven2/org/scala-lang/scala-library/2.12.10/scala-library-2.12.10-javadoc.jar
[error] https://repo1.maven.org/maven2/edu/berkeley/cs/firrtl_2.12/1.3.1/firrtl_2.12-1.3.1-javadoc.jar: download error: Caught java.nio.file.NoSuchFileException: /home/users/abdulhameed.akram/.cache/coursier/v1/https/repo1.maven.org/maven2/edu/berkeley/cs/firrtl_2.12/1.3.1/.firrtl_2.12-1.3.1-javadoc.jar.part -> /home/users/abdulhameed.akram/.cache/coursier/v1/https/repo1.maven.org/maven2/edu/berkeley/cs/firrtl_2.12/1.3.1/firrtl_2.12-1.3.1-javadoc.jar (/home/users/abdulhameed.akram/.cache/coursier/v1/https/repo1.maven.org/maven2/edu/berkeley/cs/firrtl_2.12/1.3.1/.firrtl_2.12-1.3.1-javadoc.jar.part -> /home/users/abdulhameed.akram/.cache/coursier/v1/https/repo1.maven.org/maven2/edu/berkeley/cs/firrtl_2.12/1.3.1/firrtl_2.12-1.3.1-javadoc.jar) while downloading https://repo1.maven.org/maven2/edu/berkeley/cs/firrtl_2.12/1.3.1/firrtl_2.12-1.3.1-javadoc.jar
cache/coursier/v1/https/repo1.maven.org/maven2/org/json4s/json4s-native_2.12/3.6.8/.json4s-native_2.12-3.6.8-javadoc.jar.part -> /home/users/abdulhameed.akram/.cache/coursier/v1/https/repo1.maven.org/maven2/org/json4s/json4s-native_2.12/3.6.8/json4s-native_2.12-3.6.8-javadoc.jar (/home/users/abdulhameed.akram/.cache/coursier/v1/https/repo1.maven.org/maven2/org/json4s/json4s-native_2.12/3.6.8/.json4s-native_2.12-3.6.8-javadoc.jar.part -> /home/users/abdulhameed.akram/.cache/coursier/v1/https/repo1.maven.org/maven2/org/json4s/json4s-native_2.12/3.6.8/json4s-native_2.12-3.6.8-javadoc.jar) while downloading https://repo1.maven.org/maven2/org/json4s/json4s-native_2.12/3.6.8/json4s-native_2.12-3.6.8-javadoc.jar
[error] 	at lmcoursier.internal.shaded.coursier.cache.FileCache$.helper$2(FileCache.scala:1018)
[error] 	at lmcoursier.internal.shaded.coursier.cache.FileCache$.coursier$cache$FileCache$$downloading(FileCache.scala:1032)
[error] 	at lmcoursier.internal.shaded.coursier.cache.FileCache.doDownload$1(FileCache.scala:320)
[error] 	at lmcoursier.internal.shaded.coursier.cache.FileCache.$anonfun$download$54(FileCache.scala:507)
[error] 	at lmcoursier.internal.shaded.coursier.cache.CacheLocks$.loop$1(CacheLocks.scala:59)
[error] 	at lmcoursier.internal.shaded.coursier.cache.CacheLocks$.withLockOr(CacheLocks.scala:84)
[error] 	at lmcoursier.internal.shaded.coursier.cache.FileCache.$anonfun$download$32(FileCache.scala:508)
[error] 	at scala.concurrent.Future$.$anonfun$apply$1(Future.scala:659)
[error] 	at scala.util.Success.$anonfun$map$1(Try.scala:255)
[error] 	at scala.util.Success.map(Try.scala:213)
[error] 	at scala.concurrent.Future.$anonfun$map$1(Future.scala:292)
[error] 	at scala.concurrent.impl.Promise.liftedTree1$1(Promise.scala:33)
[error] 	at scala.concurrent.impl.Promise.$anonfun$transform$1(Promise.scala:33)
[error] 	at scala.concurrent.impl.CallbackRunnable.run(Promise.scala:64)
[error] 	at java.base/java.util.concurrent.ThreadPoolExecutor.runWorker(ThreadPoolExecutor.java:1128)
[error] 	at java.base/java.util.concurrent.ThreadPoolExecutor$Worker.run(ThreadPoolExecutor.java:628)
[error] 	at java.base/java.lang.Thread.run(Thread.java:834)
[error] Caused by: java.nio.file.NoSuchFileException: /home/users/abdulhameed.akram/.cache/coursier/v1/https/repo1.maven.org/maven2/org/json4s/json4s-native_2.12/3.6.8/.json4s-native_2.12-3.6.8-javadoc.jar.part -> /home/users/abdulhameed.akram/.cache/coursier/v1/https/repo1.maven.org/maven2/org/json4s/json4s-native_2.12/3.6.8/json4s-native_2.12-3.6.8-javadoc.jar
[error] 	at java.base/sun.nio.fs.UnixException.translateToIOException(UnixException.java:92)
[error] 	at java.base/sun.nio.fs.UnixException.rethrowAsIOException(UnixException.java:111)
[error] 	at java.base/sun.nio.fs.UnixCopyFile.move(UnixCopyFile.java:417)
[error] 	at java.base/sun.nio.fs.UnixFileSystemProvider.move(UnixFileSystemProvider.java:267)
[error] 	at java.base/java.nio.file.Files.move(Files.java:1421)
[error] 	at lmcoursier.internal.shaded.coursier.cache.FileCache.$anonfun$download$46(FileCache.scala:412)
[error] 	at lmcoursier.internal.shaded.coursier.cache.CacheLocks$$anon$1.call(CacheLocks.scala:22)
[error] 	at lmcoursier.internal.shaded.coursier.paths.CachePath.withStructureLock(CachePath.java:139)
[error] 	at lmcoursier.internal.shaded.coursier.cache.CacheLocks$.withStructureLock(CacheLocks.scala:22)
[error] 	at lmcoursier.internal.shaded.coursier.cache.FileCache.$anonfun$download$33(FileCache.scala:410)
[error] 	at lmcoursier.internal.shaded.coursier.cache.FileCache$.$anonfun$downloading$1(FileCache.scala:998)
[error] 	at lmcoursier.internal.shaded.coursier.cache.CacheLocks$.withUrlLock(CacheLocks.scala:102)
[error] 	at lmcoursier.internal.shaded.coursier.cache.FileCache$.helper$2(FileCache.scala:998)
[error] 	at lmcoursier.internal.shaded.coursier.cache.FileCache$.coursier$cache$FileCache$$downloading(FileCache.scala:1032)
[error] 	at lmcoursier.internal.shaded.coursier.cache.FileCache.doDownload$1(FileCache.scala:320)
[error] 	at lmcoursier.internal.shaded.coursier.cache.FileCache.$anonfun$download$54(FileCache.scala:507)
[error] 	at lmcoursier.internal.shaded.coursier.cache.CacheLocks$.loop$1(CacheLocks.scala:59)
[error] 	at lmcoursier.internal.shaded.coursier.cache.CacheLocks$.withLockOr(CacheLocks.scala:84)
[error] 	at lmcoursier.internal.shaded.coursier.cache.FileCache.$anonfun$download$32(FileCache.scala:508)
[error] 	at scala.concurrent.Future$.$anonfun$apply$1(Future.scala:659)
[error] 	at scala.util.Success.$anonfun$map$1(Try.scala:255)
[error] 	at scala.util.Success.map(Try.scala:213)
[error] 	at scala.concurrent.Future.$anonfun$map$1(Future.scala:292)
[error] 	at scala.concurrent.impl.Promise.liftedTree1$1(Promise.scala:33)
[error] 	at scala.concurrent.impl.Promise.$anonfun$transform$1(Promise.scala:33)
[error] 	at scala.concurrent.impl.CallbackRunnable.run(Promise.scala:64)
[error] 	at java.base/java.util.concurrent.ThreadPoolExecutor.runWorker(ThreadPoolExecutor.java:1128)
[error] 	at java.base/java.util.concurrent.ThreadPoolExecutor$Worker.run(ThreadPoolExecutor.java:628)
[error] 	at java.base/java.lang.Thread.run(Thread.java:834)
[error] (updateClassifiers) lmcoursier.internal.shaded.coursier.error.FetchError$DownloadingArtifacts: Error fetching artifacts:
[error] https://repo1.maven.org/maven2/org/json4s/json4s-native_2.12/3.6.8/json4s-native_2.12-3.6.8-javadoc.jar: download error: Caught java.nio.file.NoSuchFileException: /home/users/abdulhameed.akram/.cache/coursier/v1/https/repo1.maven.org/maven2/org/json4s/json4s-native_2.12/3.6.8/.json4s-native_2.12-3.6.8-javadoc.jar.part -> /home/users/abdulhameed.akram/.cache/coursier/v1/https/repo1.maven.org/maven2/org/json4s/json4s-native_2.12/3.6.8/json4s-native_2.12-3.6.8-javadoc.jar (/home/users/abdulhameed.akram/.cache/coursier/v1/https/repo1.maven.org/maven2/org/json4s/json4s-native_2.12/3.6.8/.json4s-native_2.12-3.6.8-javadoc.jar.part -> /home/users/abdulhameed.akram/.cache/coursier/v1/https/repo1.maven.org/maven2/org/json4s/json4s-native_2.12/3.6.8/json4s-native_2.12-3.6.8-javadoc.jar) while downloading https://repo1.maven.org/maven2/org/json4s/json4s-native_2.12/3.6.8/json4s-native_2.12-3.6.8-javadoc.jar
[error] https://repo1.maven.org/maven2/org/scala-lang/modules/scala-jline/2.12.1/scala-jline-2.12.1-javadoc.jar: download error: Caught java.nio.file.NoSuchFileException: /home/users/abdulhameed.akram/.cache/coursier/v1/https/repo1.maven.org/maven2/org/scala-lang/modules/scala-jline/2.12.1/.scala-jline-2.12.1-javadoc.jar.part -> /home/users/abdulhameed.akram/.cache/coursier/v1/https/repo1.maven.org/maven2/org/scala-lang/modules/scala-jline/2.12.1/scala-jline-2.12.1-javadoc.jar (/home/users/abdulhameed.akram/.cache/coursier/v1/https/repo1.maven.org/maven2/org/scala-lang/modules/scala-jline/2.12.1/.scala-jline-2.12.1-javadoc.jar.part -> /home/users/abdulhameed.akram/.cache/coursier/v1/https/repo1.maven.org/maven2/org/scala-lang/modules/scala-jline/2.12.1/scala-jline-2.12.1-javadoc.jar) while downloading https://repo1.maven.org/maven2/org/scala-lang/modules/scala-jline/2.12.1/scala-jline-2.12.1-javadoc.jar
[error] https://repo1.maven.org/maven2/jline/jline/2.14.6/jline-2.14.6-javadoc.jar: download error: Caught java.nio.file.NoSuchFileException: /home/users/abdulhameed.akram/.cache/coursier/v1/https/repo1.maven.org/maven2/jline/jline/2.14.6/.jline-2.14.6-javadoc.jar.part -> /home/users/abdulhameed.akram/.cache/coursier/v1/https/repo1.maven.org/maven2/jline/jline/2.14.6/jline-2.14.6-javadoc.jar (/home/users/abdulhameed.akram/.cache/coursier/v1/https/repo1.maven.org/maven2/jline/jline/2.14.6/.jline-2.14.6-javadoc.jar.part -> /home/users/abdulhameed.akram/.cache/coursier/v1/https/repo1.maven.org/maven2/jline/jline/2.14.6/jline-2.14.6-javadoc.jar) while downloading https://repo1.maven.org/maven2/jline/jline/2.14.6/jline-2.14.6-javadoc.jar
[error] https://repo1.maven.org/maven2/org/scala-lang/scala-compiler/2.12.10/scala-compiler-2.12.10-sources.jar: download error: Caught java.nio.file.NoSuchFileException: /home/users/abdulhameed.akram/.cache/coursier/v1/https/repo1.maven.org/maven2/org/scala-lang/scala-compiler/2.12.10/.scala-compiler-2.12.10-sources.jar.part -> /home/users/abdulhameed.akram/.cache/coursier/v1/https/repo1.maven.org/maven2/org/scala-lang/scala-compiler/2.12.10/scala-compiler-2.12.10-sources.jar (/home/users/abdulhameed.akram/.cache/coursier/v1/https/repo1.maven.org/maven2/org/scala-lang/scala-compiler/2.12.10/.scala-compiler-2.12.10-sources.jar.part -> /home/users/abdulhameed.akram/.cache/coursier/v1/https/repo1.maven.org/maven2/org/scala-lang/scala-compiler/2.12.10/scala-compiler-2.12.10-sources.jar) while downloading https://repo1.maven.org/maven2/org/scala-lang/scala-compiler/2.12.10/scala-compiler-2.12.10-sources.jar
[error] https://repo1.maven.org/maven2/org/apache/commons/commons-lang3/3.9/commons-lang3-3.9-javadoc.jar: download error: Caught java.nio.file.NoSuchFileException: /home/users/abdulhameed.akram/.cache/coursier/v1/https/repo1.maven.org/maven2/org/apache/commons/commons-lang3/3.9/.commons-lang3-3.9-javadoc.jar.part -> /home/users/abdulhameed.akram/.cache/coursier/v1/https/repo1.maven.org/maven2/org/apache/commons/commons-lang3/3.9/commons-lang3-3.9-javadoc.jar (/home/users/abdulhameed.akram/.cache/coursier/v1/https/repo1.maven.org/maven2/org/apache/commons/commons-lang3/3.9/.commons-lang3-3.9-javadoc.jar.part -> /home/users/abdulhameed.akram/.cache/coursier/v1/https/repo1.maven.org/maven2/org/apache/commons/commons-lang3/3.9/commons-lang3-3.9-javadoc.jar) while downloading https://repo1.maven.org/maven2/org/apache/commons/commons-lang3/3.9/commons-lang3-3.9-javadoc.jar
[error] https://repo1.maven.org/maven2/edu/berkeley/cs/treadle_2.12/1.2.1/treadle_2.12-1.2.1-javadoc.jar: download error: Caught java.nio.file.NoSuchFileException: /home/users/abdulhameed.akram/.cache/coursier/v1/https/repo1.maven.org/maven2/edu/berkeley/cs/treadle_2.12/1.2.1/.treadle_2.12-1.2.1-javadoc.jar.part -> /home/users/abdulhameed.akram/.cache/coursier/v1/https/repo1.maven.org/maven2/edu/berkeley/cs/treadle_2.12/1.2.1/treadle_2.12-1.2.1-javadoc.jar (/home/users/abdulhameed.akram/.cache/coursier/v1/https/repo1.maven.org/maven2/edu/berkeley/cs/treadle_2.12/1.2.1/.treadle_2.12-1.2.1-javadoc.jar.part -> /home/users/abdulhameed.akram/.cache/coursier/v1/https/repo1.maven.org/maven2/edu/berkeley/cs/treadle_2.12/1.2.1/treadle_2.12-1.2.1-javadoc.jar) while downloading https://repo1.maven.org/maven2/edu/berkeley/cs/treadle_2.12/1.2.1/treadle_2.12-1.2.1-javadoc.jar
[error] https://repo1.maven.org/maven2/org/scala-lang/modules/scala-xml_2.12/1.0.6/scala-xml_2.12-1.0.6-javadoc.jar: download error: Caught java.nio.file.NoSuchFileException: /home/users/abdulhameed.akram/.cache/coursier/v1/https/repo1.maven.org/maven2/org/scala-lang/modules/scala-xml_2.12/1.0.6/.scala-xml_2.12-1.0.6-javadoc.jar.part -> /home/users/abdulhameed.akram/.cache/coursier/v1/https/repo1.maven.org/maven2/org/scala-lang/modules/scala-xml_2.12/1.0.6/scala-xml_2.12-1.0.6-javadoc.jar (/home/users/abdulhameed.akram/.cache/coursier/v1/https/repo1.maven.org/maven2/org/scala-lang/modules/scala-xml_2.12/1.0.6/.scala-xml_2.12-1.0.6-javadoc.jar.part -> /home/users/abdulhameed.akram/.cache/coursier/v1/https/repo1.maven.org/maven2/org/scala-lang/modules/scala-xml_2.12/1.0.6/scala-xml_2.12-1.0.6-javadoc.jar) while downloading https://repo1.maven.org/maven2/org/scala-lang/modules/scala-xml_2.12/1.0.6/scala-xml_2.12-1.0.6-javadoc.jar
[error] https://repo1.maven.org/maven2/edu/berkeley/cs/chiseltest_2.12/0.2.1/chiseltest_2.12-0.2.1-javadoc.jar: download error: Caught java.nio.file.NoSuchFileException: /home/users/abdulhameed.akram/.cache/coursier/v1/https/repo1.maven.org/maven2/edu/berkeley/cs/chiseltest_2.12/0.2.1/.chiseltest_2.12-0.2.1-javadoc.jar.part -> /home/users/abdulhameed.akram/.cache/coursier/v1/https/repo1.maven.org/maven2/edu/berkeley/cs/chiseltest_2.12/0.2.1/chiseltest_2.12-0.2.1-javadoc.jar (/home/users/abdulhameed.akram/.cache/coursier/v1/https/repo1.maven.org/maven2/edu/berkeley/cs/chiseltest_2.12/0.2.1/.chiseltest_2.12-0.2.1-javadoc.jar.part -> /home/users/abdulhameed.akram/.cache/coursier/v1/https/repo1.maven.org/maven2/edu/berkeley/cs/chiseltest_2.12/0.2.1/chiseltest_2.12-0.2.1-javadoc.jar) while downloading https://repo1.maven.org/maven2/edu/berkeley/cs/chiseltest_2.12/0.2.1/chiseltest_2.12-0.2.1-javadoc.jar
[error] https://repo1.maven.org/maven2/com/github/nscala-time/nscala-time_2.12/2.22.0/nscala-time_2.12-2.22.0-javadoc.jar: download error: Caught java.nio.file.NoSuchFileException: /home/users/abdulhameed.akram/.cache/coursier/v1/https/repo1.maven.org/maven2/com/github/nscala-time/nscala-time_2.12/2.22.0/.nscala-time_2.12-2.22.0-javadoc.jar.part -> /home/users/abdulhameed.akram/.cache/coursier/v1/https/repo1.maven.org/maven2/com/github/nscala-time/nscala-time_2.12/2.22.0/nscala-time_2.12-2.22.0-javadoc.jar (/home/users/abdulhameed.akram/.cache/coursier/v1/https/repo1.maven.org/maven2/com/github/nscala-time/nscala-time_2.12/2.22.0/.nscala-time_2.12-2.22.0-javadoc.jar.part -> /home/users/abdulhameed.akram/.cache/coursier/v1/https/repo1.maven.org/maven2/com/github/nscala-time/nscala-time_2.12/2.22.0/nscala-time_2.12-2.22.0-javadoc.jar) while downloading https://repo1.maven.org/maven2/com/github/nscala-time/nscala-time_2.12/2.22.0/nscala-time_2.12-2.22.0-javadoc.jar
[error] https://repo1.maven.org/maven2/com/google/protobuf/protobuf-java/3.9.0/protobuf-java-3.9.0-javadoc.jar: download error: Caught java.nio.file.NoSuchFileException: /home/users/abdulhameed.akram/.cache/coursier/v1/https/repo1.maven.org/maven2/com/google/protobuf/protobuf-java/3.9.0/.protobuf-java-3.9.0-javadoc.jar.part -> /home/users/abdulhameed.akram/.cache/coursier/v1/https/repo1.maven.org/maven2/com/google/protobuf/protobuf-java/3.9.0/protobuf-java-3.9.0-javadoc.jar (/home/users/abdulhameed.akram/.cache/coursier/v1/https/repo1.maven.org/maven2/com/google/protobuf/protobuf-java/3.9.0/.protobuf-java-3.9.0-javadoc.jar.part -> /home/users/abdulhameed.akram/.cache/coursier/v1/https/repo1.maven.org/maven2/com/google/protobuf/protobuf-java/3.9.0/protobuf-java-3.9.0-javadoc.jar) while downloading https://repo1.maven.org/maven2/com/google/protobuf/protobuf-java/3.9.0/protobuf-java-3.9.0-javadoc.jar
[error] https://repo1.maven.org/maven2/net/jcazevedo/moultingyaml_2.12/0.4.2/moultingyaml_2.12-0.4.2-javadoc.jar: download error: Caught java.nio.file.NoSuchFileException: /home/users/abdulhameed.akram/.cache/coursier/v1/https/repo1.maven.org/maven2/net/jcazevedo/moultingyaml_2.12/0.4.2/.moultingyaml_2.12-0.4.2-javadoc.jar.part -> /home/users/abdulhameed.akram/.cache/coursier/v1/https/repo1.maven.org/maven2/net/jcazevedo/moultingyaml_2.12/0.4.2/moultingyaml_2.12-0.4.2-javadoc.jar (/home/users/abdulhameed.akram/.cache/coursier/v1/https/repo1.maven.org/maven2/net/jcazevedo/moultingyaml_2.12/0.4.2/.moultingyaml_2.12-0.4.2-javadoc.jar.part -> /home/users/abdulhameed.akram/.cache/coursier/v1/https/repo1.maven.org/maven2/net/jcazevedo/moultingyaml_2.12/0.4.2/moultingyaml_2.12-0.4.2-javadoc.jar) while downloading https://repo1.maven.org/maven2/net/jcazevedo/moultingyaml_2.12/0.4.2/moultingyaml_2.12-0.4.2-javadoc.jar
[error] https://repo1.maven.org/maven2/org/scala-lang/scala-compiler/2.12.10/scala-compiler-2.12.10-javadoc.jar: wrong checksum: /home/users/abdulhameed.akram/.cache/coursier/v1/https/repo1.maven.org/maven2/org/scala-lang/scala-compiler/2.12.10/scala-compiler-2.12.10-javadoc.jar (expected SHA-1 2f7c0069dc71ba58c7534df606d38d8d816cac4b in /home/users/abdulhameed.akram/.cache/coursier/v1/https/repo1.maven.org/maven2/org/scala-lang/scala-compiler/2.12.10/.scala-compiler-2.12.10-javadoc.jar__sha1, got a87ae0d1c9fc318cdcee882660756d2f939c79b6)
[error] https://repo1.maven.org/maven2/org/scala-lang/scala-library/2.12.10/scala-library-2.12.10-sources.jar: download error: Caught java.nio.file.NoSuchFileException: /home/users/abdulhameed.akram/.cache/coursier/v1/https/repo1.maven.org/maven2/org/scala-lang/scala-library/2.12.10/.scala-library-2.12.10-sources.jar.part -> /home/users/abdulhameed.akram/.cache/coursier/v1/https/repo1.maven.org/maven2/org/scala-lang/scala-library/2.12.10/scala-library-2.12.10-sources.jar (/home/users/abdulhameed.akram/.cache/coursier/v1/https/repo1.maven.org/maven2/org/scala-lang/scala-library/2.12.10/.scala-library-2.12.10-sources.jar.part -> /home/users/abdulhameed.akram/.cache/coursier/v1/https/repo1.maven.org/maven2/org/scala-lang/scala-library/2.12.10/scala-library-2.12.10-sources.jar) while downloading https://repo1.maven.org/maven2/org/scala-lang/scala-library/2.12.10/scala-library-2.12.10-sources.jar
[error] https://repo1.maven.org/maven2/com/lihaoyi/utest_2.12/0.6.6/utest_2.12-0.6.6-javadoc.jar: download error: Caught java.nio.file.NoSuchFileException: /home/users/abdulhameed.akram/.cache/coursier/v1/https/repo1.maven.org/maven2/com/lihaoyi/utest_2.12/0.6.6/.utest_2.12-0.6.6-javadoc.jar.part -> /home/users/abdulhameed.akram/.cache/coursier/v1/https/repo1.maven.org/maven2/com/lihaoyi/utest_2.12/0.6.6/utest_2.12-0.6.6-javadoc.jar (/home/users/abdulhameed.akram/.cache/coursier/v1/https/repo1.maven.org/maven2/com/lihaoyi/utest_2.12/0.6.6/.utest_2.12-0.6.6-javadoc.jar.part -> /home/users/abdulhameed.akram/.cache/coursier/v1/https/repo1.maven.org/maven2/com/lihaoyi/utest_2.12/0.6.6/utest_2.12-0.6.6-javadoc.jar) while downloading https://repo1.maven.org/maven2/com/lihaoyi/utest_2.12/0.6.6/utest_2.12-0.6.6-javadoc.jar
[error] https://repo1.maven.org/maven2/junit/junit/4.13/junit-4.13-javadoc.jar: download error: Caught java.nio.file.NoSuchFileException: /home/users/abdulhameed.akram/.cache/coursier/v1/https/repo1.maven.org/maven2/junit/junit/4.13/.junit-4.13-javadoc.jar.part -> /home/users/abdulhameed.akram/.cache/coursier/v1/https/repo1.maven.org/maven2/junit/junit/4.13/junit-4.13-javadoc.jar (/home/users/abdulhameed.akram/.cache/coursier/v1/https/repo1.maven.org/maven2/junit/junit/4.13/.junit-4.13-javadoc.jar.part -> /home/users/abdulhameed.akram/.cache/coursier/v1/https/repo1.maven.org/maven2/junit/junit/4.13/junit-4.13-javadoc.jar) while downloading https://repo1.maven.org/maven2/junit/junit/4.13/junit-4.13-javadoc.jar
[error] https://repo1.maven.org/maven2/org/apache/commons/commons-lang3/3.9/commons-lang3-3.9-sources.jar: download error: Caught java.nio.file.NoSuchFileException: /home/users/abdulhameed.akram/.cache/coursier/v1/https/repo1.maven.org/maven2/org/apache/commons/commons-lang3/3.9/.commons-lang3-3.9-sources.jar.part -> /home/users/abdulhameed.akram/.cache/coursier/v1/https/repo1.maven.org/maven2/org/apache/commons/commons-lang3/3.9/commons-lang3-3.9-sources.jar (/home/users/abdulhameed.akram/.cache/coursier/v1/https/repo1.maven.org/maven2/org/apache/commons/commons-lang3/3.9/.commons-lang3-3.9-sources.jar.part -> /home/users/abdulhameed.akram/.cache/coursier/v1/https/repo1.maven.org/maven2/org/apache/commons/commons-lang3/3.9/commons-lang3-3.9-sources.jar) while downloading https://repo1.maven.org/maven2/org/apache/commons/commons-lang3/3.9/commons-lang3-3.9-sources.jar
[error] https://repo1.maven.org/maven2/edu/berkeley/cs/chisel-iotesters_2.12/1.4.1/chisel-iotesters_2.12-1.4.1-javadoc.jar: download error: Caught java.nio.file.NoSuchFileException: /home/users/abdulhameed.akram/.cache/coursier/v1/https/repo1.maven.org/maven2/edu/berkeley/cs/chisel-iotesters_2.12/1.4.1/.chisel-iotesters_2.12-1.4.1-javadoc.jar.part -> /home/users/abdulhameed.akram/.cache/coursier/v1/https/repo1.maven.org/maven2/edu/berkeley/cs/chisel-iotesters_2.12/1.4.1/chisel-iotesters_2.12-1.4.1-javadoc.jar (/home/users/abdulhameed.akram/.cache/coursier/v1/https/repo1.maven.org/maven2/edu/berkeley/cs/chisel-iotesters_2.12/1.4.1/.chisel-iotesters_2.12-1.4.1-javadoc.jar.part -> /home/users/abdulhameed.akram/.cache/coursier/v1/https/repo1.maven.org/maven2/edu/berkeley/cs/chisel-iotesters_2.12/1.4.1/chisel-iotesters_2.12-1.4.1-javadoc.jar) while downloading https://repo1.maven.org/maven2/edu/berkeley/cs/chisel-iotesters_2.12/1.4.1/chisel-iotesters_2.12-1.4.1-javadoc.jar
[error] https://repo1.maven.org/maven2/org/json4s/json4s-core_2.12/3.6.8/json4s-core_2.12-3.6.8-javadoc.jar: download error: Caught java.nio.file.NoSuchFileException: /home/users/abdulhameed.akram/.cache/coursier/v1/https/repo1.maven.org/maven2/org/json4s/json4s-core_2.12/3.6.8/.json4s-core_2.12-3.6.8-javadoc.jar.part -> /home/users/abdulhameed.akram/.cache/coursier/v1/https/repo1.maven.org/maven2/org/json4s/json4s-core_2.12/3.6.8/json4s-core_2.12-3.6.8-javadoc.jar (/home/users/abdulhameed.akram/.cache/coursier/v1/https/repo1.maven.org/maven2/org/json4s/json4s-core_2.12/3.6.8/.json4s-core_2.12-3.6.8-javadoc.jar.part -> /home/users/abdulhameed.akram/.cache/coursier/v1/https/repo1.maven.org/maven2/org/json4s/json4s-core_2.12/3.6.8/json4s-core_2.12-3.6.8-javadoc.jar) while downloading https://repo1.maven.org/maven2/org/json4s/json4s-core_2.12/3.6.8/json4s-core_2.12-3.6.8-javadoc.jar
[error] https://repo1.maven.org/maven2/com/thoughtworks/paranamer/paranamer/2.8/paranamer-2.8-javadoc.jar: download error: Caught java.nio.file.NoSuchFileException: /home/users/abdulhameed.akram/.cache/coursier/v1/https/repo1.maven.org/maven2/com/thoughtworks/paranamer/paranamer/2.8/.paranamer-2.8-javadoc.jar.part -> /home/users/abdulhameed.akram/.cache/coursier/v1/https/repo1.maven.org/maven2/com/thoughtworks/paranamer/paranamer/2.8/paranamer-2.8-javadoc.jar (/home/users/abdulhameed.akram/.cache/coursier/v1/https/repo1.maven.org/maven2/com/thoughtworks/paranamer/paranamer/2.8/.paranamer-2.8-javadoc.jar.part -> /home/users/abdulhameed.akram/.cache/coursier/v1/https/repo1.maven.org/maven2/com/thoughtworks/paranamer/paranamer/2.8/paranamer-2.8-javadoc.jar) while downloading https://repo1.maven.org/maven2/com/thoughtworks/paranamer/paranamer/2.8/paranamer-2.8-javadoc.jar
[error] https://repo1.maven.org/maven2/joda-time/joda-time/2.10.1/joda-time-2.10.1-sources.jar: download error: Caught java.nio.file.NoSuchFileException: /home/users/abdulhameed.akram/.cache/coursier/v1/https/repo1.maven.org/maven2/joda-time/joda-time/2.10.1/.joda-time-2.10.1-sources.jar.part -> /home/users/abdulhameed.akram/.cache/coursier/v1/https/repo1.maven.org/maven2/joda-time/joda-time/2.10.1/joda-time-2.10.1-sources.jar (/home/users/abdulhameed.akram/.cache/coursier/v1/https/repo1.maven.org/maven2/joda-time/joda-time/2.10.1/.joda-time-2.10.1-sources.jar.part -> /home/users/abdulhameed.akram/.cache/coursier/v1/https/repo1.maven.org/maven2/joda-time/joda-time/2.10.1/joda-time-2.10.1-sources.jar) while downloading https://repo1.maven.org/maven2/joda-time/joda-time/2.10.1/joda-time-2.10.1-sources.jar
[error] https://repo1.maven.org/maven2/org/scala-lang/scala-reflect/2.12.10/scala-reflect-2.12.10-sources.jar: download error: Caught java.nio.file.NoSuchFileException: /home/users/abdulhameed.akram/.cache/coursier/v1/https/repo1.maven.org/maven2/org/scala-lang/scala-reflect/2.12.10/.scala-reflect-2.12.10-sources.jar.part -> /home/users/abdulhameed.akram/.cache/coursier/v1/https/repo1.maven.org/maven2/org/scala-lang/scala-reflect/2.12.10/scala-reflect-2.12.10-sources.jar (/home/users/abdulhameed.akram/.cache/coursier/v1/https/repo1.maven.org/maven2/org/scala-lang/scala-reflect/2.12.10/.scala-reflect-2.12.10-sources.jar.part -> /home/users/abdulhameed.akram/.cache/coursier/v1/https/repo1.maven.org/maven2/org/scala-lang/scala-reflect/2.12.10/scala-reflect-2.12.10-sources.jar) while downloading https://repo1.maven.org/maven2/org/scala-lang/scala-reflect/2.12.10/scala-reflect-2.12.10-sources.jar
[error] https://repo1.maven.org/maven2/org/json4s/json4s-scalap_2.12/3.6.8/json4s-scalap_2.12-3.6.8-javadoc.jar: download error: Caught java.nio.file.NoSuchFileException: /home/users/abdulhameed.akram/.cache/coursier/v1/https/repo1.maven.org/maven2/org/json4s/json4s-scalap_2.12/3.6.8/.json4s-scalap_2.12-3.6.8-javadoc.jar.part -> /home/users/abdulhameed.akram/.cache/coursier/v1/https/repo1.maven.org/maven2/org/json4s/json4s-scalap_2.12/3.6.8/json4s-scalap_2.12-3.6.8-javadoc.jar (/home/users/abdulhameed.akram/.cache/coursier/v1/https/repo1.maven.org/maven2/org/json4s/json4s-scalap_2.12/3.6.8/.json4s-scalap_2.12-3.6.8-javadoc.jar.part -> /home/users/abdulhameed.akram/.cache/coursier/v1/https/repo1.maven.org/maven2/org/json4s/json4s-scalap_2.12/3.6.8/json4s-scalap_2.12-3.6.8-javadoc.jar) while downloading https://repo1.maven.org/maven2/org/json4s/json4s-scalap_2.12/3.6.8/json4s-scalap_2.12-3.6.8-javadoc.jar
[error] https://repo1.maven.org/maven2/edu/berkeley/cs/chisel3_2.12/3.3.1/chisel3_2.12-3.3.1-javadoc.jar: download error: Caught java.nio.file.NoSuchFileException: /home/users/abdulhameed.akram/.cache/coursier/v1/https/repo1.maven.org/maven2/edu/berkeley/cs/chisel3_2.12/3.3.1/.chisel3_2.12-3.3.1-javadoc.jar.part -> /home/users/abdulhameed.akram/.cache/coursier/v1/https/repo1.maven.org/maven2/edu/berkeley/cs/chisel3_2.12/3.3.1/chisel3_2.12-3.3.1-javadoc.jar (/home/users/abdulhameed.akram/.cache/coursier/v1/https/repo1.maven.org/maven2/edu/berkeley/cs/chisel3_2.12/3.3.1/.chisel3_2.12-3.3.1-javadoc.jar.part -> /home/users/abdulhameed.akram/.cache/coursier/v1/https/repo1.maven.org/maven2/edu/berkeley/cs/chisel3_2.12/3.3.1/chisel3_2.12-3.3.1-javadoc.jar) while downloading https://repo1.maven.org/maven2/edu/berkeley/cs/chisel3_2.12/3.3.1/chisel3_2.12-3.3.1-javadoc.jar
[error] https://repo1.maven.org/maven2/edu/berkeley/cs/chisel3-core_2.12/3.3.1/chisel3-core_2.12-3.3.1-javadoc.jar: download error: Caught java.nio.file.NoSuchFileException: /home/users/abdulhameed.akram/.cache/coursier/v1/https/repo1.maven.org/maven2/edu/berkeley/cs/chisel3-core_2.12/3.3.1/.chisel3-core_2.12-3.3.1-javadoc.jar.part -> /home/users/abdulhameed.akram/.cache/coursier/v1/https/repo1.maven.org/maven2/edu/berkeley/cs/chisel3-core_2.12/3.3.1/chisel3-core_2.12-3.3.1-javadoc.jar (/home/users/abdulhameed.akram/.cache/coursier/v1/https/repo1.maven.org/maven2/edu/berkeley/cs/chisel3-core_2.12/3.3.1/.chisel3-core_2.12-3.3.1-javadoc.jar.part -> /home/users/abdulhameed.akram/.cache/coursier/v1/https/repo1.maven.org/maven2/edu/berkeley/cs/chisel3-core_2.12/3.3.1/chisel3-core_2.12-3.3.1-javadoc.jar) while downloading https://repo1.maven.org/maven2/edu/berkeley/cs/chisel3-core_2.12/3.3.1/chisel3-core_2.12-3.3.1-javadoc.jar
[error] https://repo1.maven.org/maven2/org/scalatest/scalatest_2.12/3.0.8/scalatest_2.12-3.0.8-javadoc.jar: download error: Caught java.nio.file.NoSuchFileException: /home/users/abdulhameed.akram/.cache/coursier/v1/https/repo1.maven.org/maven2/org/scalatest/scalatest_2.12/3.0.8/.scalatest_2.12-3.0.8-javadoc.jar.part -> /home/users/abdulhameed.akram/.cache/coursier/v1/https/repo1.maven.org/maven2/org/scalatest/scalatest_2.12/3.0.8/scalatest_2.12-3.0.8-javadoc.jar (/home/users/abdulhameed.akram/.cache/coursier/v1/https/repo1.maven.org/maven2/org/scalatest/scalatest_2.12/3.0.8/.scalatest_2.12-3.0.8-javadoc.jar.part -> /home/users/abdulhameed.akram/.cache/coursier/v1/https/repo1.maven.org/maven2/org/scalatest/scalatest_2.12/3.0.8/scalatest_2.12-3.0.8-javadoc.jar) while downloading https://repo1.maven.org/maven2/org/scalatest/scalatest_2.12/3.0.8/scalatest_2.12-3.0.8-javadoc.jar
[error] https://repo1.maven.org/maven2/org/scala-lang/scala-library/2.12.10/scala-library-2.12.10-javadoc.jar: wrong checksum: /home/users/abdulhameed.akram/.cache/coursier/v1/https/repo1.maven.org/maven2/org/scala-lang/scala-library/2.12.10/scala-library-2.12.10-javadoc.jar (expected SHA-1 55ba56b83c46b89a3a233d9f501130ecf3695f69 in /home/users/abdulhameed.akram/.cache/coursier/v1/https/repo1.maven.org/maven2/org/scala-lang/scala-library/2.12.10/.scala-library-2.12.10-javadoc.jar__sha1, got 72e6d0e8cd7ab308a207458a85c28c4ebb1bef74)
[error] https://repo1.maven.org/maven2/edu/berkeley/cs/chisel3-macros_2.12/3.3.1/chisel3-macros_2.12-3.3.1-javadoc.jar: download error: Caught java.nio.file.NoSuchFileException: /home/users/abdulhameed.akram/.cache/coursier/v1/https/repo1.maven.org/maven2/edu/berkeley/cs/chisel3-macros_2.12/3.3.1/.chisel3-macros_2.12-3.3.1-javadoc.jar.part -> /home/users/abdulhameed.akram/.cache/coursier/v1/https/repo1.maven.org/maven2/edu/berkeley/cs/chisel3-macros_2.12/3.3.1/chisel3-macros_2.12-3.3.1-javadoc.jar (/home/users/abdulhameed.akram/.cache/coursier/v1/https/repo1.maven.org/maven2/edu/berkeley/cs/chisel3-macros_2.12/3.3.1/.chisel3-macros_2.12-3.3.1-javadoc.jar.part -> /home/users/abdulhameed.akram/.cache/coursier/v1/https/repo1.maven.org/maven2/edu/berkeley/cs/chisel3-macros_2.12/3.3.1/chisel3-macros_2.12-3.3.1-javadoc.jar) while downloading https://repo1.maven.org/maven2/edu/berkeley/cs/chisel3-macros_2.12/3.3.1/chisel3-macros_2.12-3.3.1-javadoc.jar
[error] https://repo1.maven.org/maven2/edu/berkeley/cs/firrtl_2.12/1.3.1/firrtl_2.12-1.3.1-javadoc.jar: wrong checksum: /home/users/abdulhameed.akram/.cache/coursier/v1/https/repo1.maven.org/maven2/edu/berkeley/cs/firrtl_2.12/1.3.1/firrtl_2.12-1.3.1-javadoc.jar (expected SHA-1 a25cb9750adc841d70fce20409798771697abaa9 in /home/users/abdulhameed.akram/.cache/coursier/v1/https/repo1.maven.org/maven2/edu/berkeley/cs/firrtl_2.12/1.3.1/.firrtl_2.12-1.3.1-javadoc.jar__sha1, got 8cb66eb178fbf0f633b87d493ecfde4bc706dd9e)
[error] https://repo1.maven.org/maven2/org/yaml/snakeyaml/1.26/snakeyaml-1.26-javadoc.jar: download error: Caught java.nio.file.NoSuchFileException: /home/users/abdulhameed.akram/.cache/coursier/v1/https/repo1.maven.org/maven2/org/yaml/snakeyaml/1.26/.snakeyaml-1.26-javadoc.jar.part -> /home/users/abdulhameed.akram/.cache/coursier/v1/https/repo1.maven.org/maven2/org/yaml/snakeyaml/1.26/snakeyaml-1.26-javadoc.jar (/home/users/abdulhameed.akram/.cache/coursier/v1/https/repo1.maven.org/maven2/org/yaml/snakeyaml/1.26/.snakeyaml-1.26-javadoc.jar.part -> /home/users/abdulhameed.akram/.cache/coursier/v1/https/repo1.maven.org/maven2/org/yaml/snakeyaml/1.26/snakeyaml-1.26-javadoc.jar) while downloading https://repo1.maven.org/maven2/org/yaml/snakeyaml/1.26/snakeyaml-1.26-javadoc.jar
[error] https://repo1.maven.org/maven2/org/scalactic/scalactic_2.12/3.0.8/scalactic_2.12-3.0.8-javadoc.jar: download error: Caught java.nio.file.NoSuchFileException: /home/users/abdulhameed.akram/.cache/coursier/v1/https/repo1.maven.org/maven2/org/scalactic/scalactic_2.12/3.0.8/.scalactic_2.12-3.0.8-javadoc.jar.part -> /home/users/abdulhameed.akram/.cache/coursier/v1/https/repo1.maven.org/maven2/org/scalactic/scalactic_2.12/3.0.8/scalactic_2.12-3.0.8-javadoc.jar (/home/users/abdulhameed.akram/.cache/coursier/v1/https/repo1.maven.org/maven2/org/scalactic/scalactic_2.12/3.0.8/.scalactic_2.12-3.0.8-javadoc.jar.part -> /home/users/abdulhameed.akram/.cache/coursier/v1/https/repo1.maven.org/maven2/org/scalactic/scalactic_2.12/3.0.8/scalactic_2.12-3.0.8-javadoc.jar) while downloading https://repo1.maven.org/maven2/org/scalactic/scalactic_2.12/3.0.8/scalactic_2.12-3.0.8-javadoc.jar
